<?xml version="1.0" encoding="UTF-8"?>
<testsuite name="ObstacleTest" tests="2" skipped="0" failures="0" errors="0" timestamp="2020-04-22T08:56:41" hostname="somnath-Latitude-5480" time="0.001">
  <properties/>
  <testcase name="testIsAHitInRange" classname="ObstacleTest" time="0.001"/>
  <testcase name="testIsAHit" classname="ObstacleTest" time="0.0"/>
  <system-out><![CDATA[]]></system-out>
  <system-err><![CDATA[]]></system-err>
</testsuite>
