<?xml version="1.0" encoding="UTF-8"?>
<testsuite name="VaccumCleanerTest" tests="1" skipped="0" failures="0" errors="0" timestamp="2020-04-22T08:56:41" hostname="somnath-Latitude-5480" time="0.0">
  <properties/>
  <testcase name="movement" classname="VaccumCleanerTest" time="0.0"/>
  <system-out><![CDATA[]]></system-out>
  <system-err><![CDATA[]]></system-err>
</testsuite>
